Alderaan to Dantooine: 3000.00
Circarpous Major to Y'Toub: 1414.21
a12345678901234567890123456789 to b123456789 123456789'123456789: 5.00
a to b: 5.00
a to b: 5.00
a to b: 1.00
a to b: 1.00
a to b: 1.00
a to b: 5.00
a to b: 5.00
a to b: 5.00
a to b: 1.00
a to b: 1.00
a to b: 1.00
a to b: 3.46
a to b: 2.00
a to b: 3.46
mwercmf to rrmjmmy: 159239.08
yezdewax to huzkvdoj: 203752.82
w to u: 184950.04
nke to spo: 127081.45
dqaudnm to jowipnm: 171937.29
emunp to rgjrs: 147013.48
wjqmiuvk to ecyrpwda: 160312.32
cww to ynj: 68254.24
vrkhlkk to msolaqo: 120244.27
la to hu: 192502.43
anzosnoa to hmflhudu: 190513.23
wceqhp to izayep: 80402.19
wydtocw to zxhippz: 44313.42
hhmbtip to zmlbhpe: 115992.56
gqdc to rysv: 167856.54
qg to ln: 103409.12
urcgdb to kanxqt: 186368.84
jsuzkihwb to reardqapy: 56366.42
nn to ll: 192197.89
wffvupwu to aygstelq: 195186.23
t to u: 59046.86
yr to me: 207722.00
kazbbqtz to mdcubgzp: 149799.82
xrzkxpay to cxhbbpzl: 75006.97
dbc to chj: 144139.60
t to v: 89582.48
mis to nwm: 178072.28
gvakvr to osmeey: 97643.91
gzdun to mzccm: 109805.65
lrf to iub: 89421.78
npgtmdz to unyfjok: 150148.38
cldl to cbgh: 98933.22
bzyjpdtp to tyeysrcn: 189793.61
yxn to wxa: 139915.39
rukogpsma to yydkytisu: 97925.59
jbomu to tmunv: 71760.78
qcclgygper to bihnnlzyyz: 66992.49
gvamftmw to qxxiybze: 57160.03
gaaga to acovu: 83419.49
v to j: 149369.44
ifhxrjt to ltvcvlr: 142419.42
nrw to bgz: 90762.27
r to e: 226957.62
pgjdradj to lqaggugf: 153503.69
fekl to dssl: 104862.70
t to i: 71749.28
wz to ek: 157514.10
l to t: 189732.98
kvsxq to luxct: 72891.28
zn to qc: 200286.05
alimpflsfz to trcqtmnblp: 196675.50
cmuldf to wurirh: 126846.54
rqxnhmd to vvyxgwo: 81250.09
gpujmrih to ylrajdkd: 217106.91
o to h: 178231.28
bdhq to epqm: 121606.70
yftnrofzz to qelzpimzd: 155232.02
isg to vpl: 186504.82
mqh to xtn: 46128.86
rha to gtq: 206282.64
kywj to pfao: 61568.20
g to w: 182420.20
csow to nqmq: 85275.34
tucqpnpfsz to cgukmsbyhf: 214446.43
uckgpwrma to jmdihlhqp: 174339.80
acekk to kyxsv: 95941.29
fwyoxr to kvenwt: 197106.82
rrtxanuexp to hxfuudvchk: 122698.99
mufihryp to xdlwfpiz: 187489.73
hthokztgim to tesicslxwb: 154731.87
nyzsoko to uiisapw: 55060.06
mcgu to gxvb: 107864.03
ij to zs: 122764.70
wwviboie to echdvsip: 110569.01
expwu to btnua: 142384.98
wuucwmougq to tqjhtnrltp: 114888.16
o to f: 175419.72
yvkuhkpmxk to nqtaifdjoc: 102183.95
vmhonwan to negewies: 147842.60
wscjn to fiqjo: 110320.93
ih to ob: 122387.47
dgw to ywf: 122044.52
bqpss to fznrr: 165456.48
plpsaj to xaludi: 63730.77
lkh to uqg: 193131.25
stw to kwf: 162908.65
bszzq to ndvzy: 96957.59
nhzhzczoba to ysimmokiqs: 254063.76
zflspimkj to ombylugop: 108697.33
lrng to cegj: 102285.11
nqlv to vwjf: 126457.36
cu to gf: 73149.15
dur to jkt: 219937.48
xmowtucze to yxwdjanpb: 162597.97
mfmdvb to iopzkz: 25679.85
nuxnbywxwj to goxvfkbjhq: 71765.74
qelpgr to oboowt: 85873.27
vg to bm: 71657.78
fezm to rzev: 61982.94
u to p: 113235.06
