  1  3  0  2
  1  3  0  2
  1  3  0  2
  1  3  0  2
  2  0  3  1
  2  0  3  1
  2  0  3  1
  2  0  3  1

  0  2  4  1  3
  4  1  3  0  2
  1  3  0  2  4
  2  4  1  3  0
  4  2  0  3  1
  2  0  3  1  4
  3  1  4  2  0
  0  3  1  4  2

  0  2  4  1  3  5
  5  2  4  1  3  0
  0  2  4  1  3  5
  5  2  4  1  3  0
  5  3  1  4  2  0
  0  3  1  4  2  5
  5  3  1  4  2  0
  0  3  1  4  2  5

  0  2  4  6  1  3  5
  6  2  5  1  4  0  3
  1  3  5  0  2  4  6
  3  6  2  5  1  4  0
  6  4  2  0  5  3  1
  3  0  4  1  5  2  6
  5  3  1  6  4  2  0
  0  4  1  5  2  6  3

  0  4  7  5  2  6  1  3
  7  1  3  0  6  4  2  5
  4  6  1  5  2  0  3  7
  2  5  3  1  7  4  6  0
  7  3  0  2  5  1  6  4
  5  2  4  6  0  3  1  7
  3  1  6  2  5  7  4  0
  0  6  4  7  1  3  5  2

  0  2  6  1  7  4  8  3  5
  8  5  7  1  3  0  6  4  2
  3  5  0  4  1  7  2  6  8
  6  4  2  8  5  7  1  3  0
  8  6  2  7  1  4  0  5  3
  2  4  6  0  3  1  7  5  8
  5  3  8  4  7  1  6  2  0
  0  3  1  7  5  8  2  4  6

  0  9  6  4  7  1  8  2  5  3
  9  4  2  0  6  1  7  5  3  8
  6  4  7  1  8  2  5  3  0  9
  1  6  4  2  8  3  9  7  5  0
  9  0  3  5  2  8  1  7  4  6
  8  3  5  7  1  6  0  2  4  9
  3  5  2  8  1  7  4  6  9  0
  0  5  7  9  3  8  2  4  6  1

  0  2  6 10  3  7  9  4  1  5  8
 10  2  9  6  3  1  8  5  0  4  7
  2  5  9  6  1  3  7  0  4  8 10
  3  6 10  5  2  9  7  4  1  8  0
 10  8  4  0  7  3  1  6  9  5  2
  7  4  0  5  8  1  3  6  9  2 10
  8  5  1  4  9  7  3 10  6  2  0
  0  8  1  4  7  9  2  5 10  6  3

  0  2  5  7 10  4 11  9  3  6  8  1
 11  0 10  3  6  9  2  8  1  4  7  5
 10  3  5  8  2  0  7  1  4  6  9 11
  6  4  7 10  3  9  2  5  8  1 11  0
 11  9  6  4  1  7  0  2  8  5  3 10
  5  7  4  1  8  2  9  6  3 10  0 11
  1  8  6  3  9 11  4 10  7  5  2  0
  0 11  1  8  5  2  9  3 10  7  4  6

  0  2  4  1  8 11  9 12  3  5  7 10  6
 12  9 11  4 10  3  0  2  8  6  1  7  5
  6  2  5  7  9  0  3  1  4 11  8 10 12
  7  5 11  6  4 10 12  9  2  8  1  3  0
 12 10  8 11  4  1  3  0  9  7  5  2  6
  5  7  1  6  8  2  0  3 10  4 11  9 12
  6 10  7  5  3 12  9 11  8  1  4  2  0
  0  3  1  8  2  9 12 10  4  6 11  5  7

  0  2  4  9 12 10  3  6 11 13  1  7  5  8
 13  3 12  7 11  1  6  2  0 10  8  5  9  4
  5  8  6 12  0  2  7 10  3  1  4  9 11 13
  9  4  8  5  3 13 11  7 12  2  6  1 10  0
 13 11  9  4  1  3 10  7  2  0 12  6  8  5
  4  9  5  8 10  0  2  6  1 11  7 12  3 13
  8  5  7  1 13 11  6  3 10 12  9  4  2  0
  0 10  1  6  2 12  7 11 13  3  5  8  4  9

  0  2  4  1  9 11 13  3 12  8  5 14  6 10  7
 14 11 13  7 12  4  2  0  5 10  1  9  6  8  3
  7  4  8  0  9  6  2 11  1  3  5 13 10 12 14
 11  6  8  5 13  4  9 14 12 10  2  7  1  3  0
 14 12 10 13  5  3  1 11  2  6  9  0  8  4  7
  3  8  6  9  1 10  5  0  2  4 12  7 13 11 14
  7 10  6 14  5  8 12  3 13 11  9  1  4  2  0
  0  3  1  7  2 10 12 14  9  4 13  5  8  6 11

  0  2  4  1 12  9 11 14  5 15 13  7  3  6  8 10
 15 12 14  3 13  7  2  4  1 10  0  9 11  5  8  6
  5  7  9 12  8  2  0 10  1  4  6  3 14 11 13 15
  9  7 10  4  6 15  5 14 11 13  8  2 12  1  3  0
 15 13 11 14  3  6  4  1 10  0  2  8 12  9  7  5
  6  8  5 11  9  0 10  1  4  2  7 13  3 14 12 15
 10  8  6  3  7 13 15  5 14 11  9 12  1  4  2  0
  0  3  1 12  2  8 13 11 14  5 15  6  4 10  7  9

  0  2  4  1 10 15  9 14  3 13  7 16  6 12  5 11  8
 16 13 15  8 14  2  4  6  0 10 12  1  3  7  9 11  5
  8  5 11  4 10  0  9  3 13  2  7  1  6 15 12 14 16
 11  5  7  9 13 15  4  6 16 10 12 14  2  8  1  3  0
 16 14 12 15  6  1  7  2 13  3  9  0 10  4 11  5  8
  5 11  9  7  3  1 12 10  0  6  4  2 14  8 15 13 16
  8 11  5 12  6 16  7 13  3 14  9 15 10  1  4  2  0
  0  3  1  8  2 14 12 10 16  6  4 15 13  9  7  5 11

  0  2  4  1 11  9 14 12 17  8 16  5 15 10  7  3  6 13
 17 14 16  2 15  6  1  3  8 12  4 13 10  0 11  5  7  9
  4 11 14 10  7  2 12  1  9  0  5  3  8  6 16 13 15 17
  8 10 12  6 17  7  4 13  5  9 14 16 11  2 15  1  3  0
 17 15 13 16  6  8  3  5  0  9  1 12  2  7 10 14 11  4
  9  7  5 11  0 10 13  4 12  8  3  1  6 15  2 16 14 17
 13  6  3  7 10 15  5 16  8 17 12 14  9 11  1  4  2  0
  0  3  1 15  2 11 16 14  9  5 13  4  7 17  6 12 10  8

  0  2  4  1  3  8 12 14 16 18  6 15 17 10  5  7  9 11 13
 18 15 17 14 16  4  8  3 13  2  5  1 12  0 11  7 10  6  9
  5  7  9 11 13  8  1  3 12  0  2  4  6 10 15 17 14 16 18
  9 12  8 11  7 18  6 17 13 16  5 15 10 14  2  4  1  3  0
 18 16 14 17 15 10  6  4  2  0 12  3  1  8 13 11  9  7  5
  9  6 10  7 11  0 12  1  5  2 13  3  8  4 16 14 17 15 18
 13 11  9  7  5 10 17 15  6 18 16 14 12  8  3  1  4  2  0
  0  3  1  4  2 14 10 15  5 16 13 17  6 18  7 11  8 12  9

  0  2  4  1  3 14 19 11 18 15 17  6  9 16  8  5  7 13 10 12
 19 16 18 15 17  4  8  3  5  7  1 12  0  2 14 10  6  9 11 13
  7  9  6 12 14 11  3 10 13  2  4  1  8  0  5 16 18 15 17 19
  6  8 10 13  9  5 17 19  7 18 12 14 16 11 15  2  4  1  3  0
 19 17 15 18 16  5  0  8  1  4  2 13 10  3 11 14 12  6  9  7
 13 11  9  6 10 14  2  0 12  1  7  5  3  8  4 17 15 18 16 19
 12 10 13  7  5  8 16  9  6 17 15 18 11 19 14  3  1  4  2  0
  0  3  1  4  2 15 11 16 14 12 18  7 19 17  5  9 13 10  8  6

