Galactic year 1000: Tulak Hord
Galactic year 1024: Tulak Hord
Galactic year 1025: Tulak Hord
Galactic year 1026: Ludo Kresh
Galactic year 1030: Ludo Kresh
Galactic year 1031: None
Galactic year 2000: Darth Revan
Galactic year 2002: Darth Revan
Galactic year 2003: Darth Revan, Darth Malak
Galactic year 2004: Darth Malak
Galactic year 1499: None
Galactic year 1500: Exar Kun
Galactic year 1525: Exar Kun
Galactic year 1550: Exar Kun
Galactic year 1551: None
Galactic year 1552: None
Galactic year 1: a, b, c, d, e, f, g, h, i, j
Galactic year 2: k, i, h, g, f, e, d, c, b, a
Galactic year 3: z, b, a, b, a
Galactic year 4: None
Galactic year 2500: Darth Sidious, Darth Nihilus, Darth Sidious
