2.7142857137648977 2.714285714850612
3.4722222222222223 3.055555555555556
3.055555555555556 3.4722222222222223
0.002804334978599332 6.623252774530707
-0.009378763830559134 6.61888744166933
2.6814791356244427E-6 6.625099204409404
3.8782808103486603 -3.874824488221093
3.473865923408916 -2.241170458723659
3.4591830884817396 -2.3772315653375333
2.704503167563769 -5.014781588316211
2.709918697682384 -5.007911414864811
2.688277239369215 -5.003209401694728
3.3969008411281467 9.142985054677357
3.442730178713673 9.150407613142468
3.3995309937260387 9.148154236607958
-3.141533262553536 -0.010976493094772888
-3.1416092667321287 -0.010871943519391802
-3.1415507333067136 -0.010946135031513426
1.3000001075804824E-9 1.8749999998874993
0.25 1.5625
-0.25 1.5625
0.0 0.8735795454545441
-0.7140444504492347 0.5905897453218945
0.7140444504492347 0.5905897453218945
1.4986918399480585E-9 0.6331767753390638
-0.0373677792121625 0.6213765654867092
0.0373677792121625 0.6213765654867092
1.4999959565405936E-9 0.6250260473101132
1.0137596007853134E-4 0.6250577265848554
-1.0137596007853134E-4 0.6250577265848554
0.0 0.6250260447050842
1.0138012778604377E-4 0.6250577252824094
-1.0138012778737604E-4 0.625057725282409
